<?xml version="1.0" encoding="UTF-8"?>
<!-- Generated by org.testng.reporters.JUnitReportReporter -->
<testsuite hostname="LAPTOP-DMSHKSKL" failures="0" tests="1" name="BasicPack.Basics" time="0.010" errors="0" timestamp="2023-12-02T23:05:18 IST" skipped="0">
  <testcase classname="BasicPack.Basics" name="add" time="0.010"/>
</testsuite> <!-- BasicPack.Basics -->
